Timestamp                       Thread     Type        Activity             PID    TTL  
2026-01-20 10:35:37.172799-0600 0x239b5d   Default     0x0                  35776  0    screensharingd: close the connection from viewer authentication thread
2026-01-20 10:39:36.762580-0600 0x23aa18   Default     0x0                  35818  0    screensharingd: close the connection from viewer authentication thread
2026-01-20 10:41:12.979114-0600 0x23b1f4   Default     0x0                  35870  7    itunescloudd: (iTunesCloud) [com.apple.amp.iTunesCloud:Default] <ICLibraryAuthServiceClientTokenProvider: 0x7fddc7e048d0> Loaded cached tokens: {
    6056c1eb7078dccbf1680a42351c5ce90a81b08b = "<ICLibraryAuthServiceClientTokenStatus:0x7fddc7843300 result=(null) lastError=Error Domain=ICError Code=-7402 \"Not allowing silent authentication because one was recently attempted already\" UserInfo={NSDebugDescription=Not allowing silent authentication because one was recently attempted already} lastUpdate='1993-11-25 18:57:36 +0000' autoRefreshEnabled=NO>";
}
2026-01-20 10:41:12.979380-0600 0x23b1f4   Default     0x0                  35870  7    itunescloudd: (iTunesCloud) [com.apple.amp.iTunesCloud:Default_Oversize] <ICLibraryAuthServiceClientTokenProvider: 0x7fddc7e048d0> Reconciling cache entries {
    6056c1eb7078dccbf1680a42351c5ce90a81b08b = "<ICLibraryAuthServiceClientTokenStatus:0x7fddc7843300 result=(null) lastError=Error Domain=ICError Code=-7402 \"Not allowing silent authentication because one was recently attempted already\" UserInfo={NSDebugDescription=Not allowing silent authentication because one was recently attempted already} lastUpdate='1993-11-25 18:57:36 +0000' autoRefreshEnabled=NO>";
} with current account list (
    "<073eed0eef60220ff7d77417b162bd7228fd16d3 (842F29B8-4B5E-4F78-BA16-B62DD230A9D5) [DSID=6056c1eb7078dccbf1680a42351c5ce90a81b08b, isActive=1]>"
)
2026-01-20 10:41:12.979446-0600 0x23b1f4   Default     0x0                  35870  7    itunescloudd: (iTunesCloud) [com.apple.amp.iTunesCloud:Default] <ICLibraryAuthServiceClientTokenProvider: 0x7fddc7e048d0> Skipping background refresh of DSID 277530754. last error: Error Domain=ICError Code=-7402 "Not allowing silent authentication because one was recently attempted already" UserInfo={NSDebugDescription=Not allowing silent authentication because one was recently attempted already}}
2026-01-20 10:41:12.995416-0600 0x23b1f3   Default     0x0                  35870  7    itunescloudd: [com.apple.amp.itunescloudd:UserState] <ICDMediaUserStateCenterServer: 0x7fddc7824410> Fetched token status dictionary: {
    277530754 = "<ICLibraryAuthServiceClientTokenStatus:0x7fddc7843300 result=(null) lastError=Error Domain=ICError Code=-7402 \"Not allowing silent authentication because one was recently attempted already\" UserInfo={NSDebugDescription=Not allowing silent authentication because one was recently attempted already} lastUpdate='1993-11-25 18:57:36 +0000' autoRefreshEnabled=NO>";
}
2026-01-20 10:43:37.385710-0600 0x23bcb8   Default     0x0                  35898  0    screensharingd: close the connection from viewer authentication thread
2026-01-20 10:47:38.041124-0600 0x23cd47   Default     0x0                  35951  0    screensharingd: close the connection from viewer authentication thread
2026-01-20 10:51:38.022305-0600 0x23dc75   Default     0x0                  36007  0    screensharingd: close the connection from viewer authentication thread
2026-01-20 10:55:08.772487-0600 0x23e832   Error       0x5f5cee             144    0    opendirectoryd: (PlistFile) [com.apple.opendirectoryd:auth] Failed SecureToken authentication for 500EF3F2-A513-4033-8F58-7EDC81033E3A other domain: invalid credentials
2026-01-20 10:55:09.769728-0600 0x23e8d8   Error       0x60ebf6             144    0    opendirectoryd: (PlistFile) [com.apple.opendirectoryd:auth] Failed SecureToken authentication for 500EF3F2-A513-4033-8F58-7EDC81033E3A other domain: invalid credentials
2026-01-20 10:55:18.194967-0600 0x23e8fd   Error       0x60ebfe             144    0    opendirectoryd: (PlistFile) [com.apple.opendirectoryd:auth] Failed SecureToken authentication for 500EF3F2-A513-4033-8F58-7EDC81033E3A other domain: invalid credentials
2026-01-20 10:55:18.438292-0600 0x23e8f6   Error       0x60f2b6             144    0    opendirectoryd: (PlistFile) [com.apple.opendirectoryd:auth] Failed SecureToken authentication for 500EF3F2-A513-4033-8F58-7EDC81033E3A other domain: invalid credentials
2026-01-20 10:55:24.997063-0600 0x23ec51   Default     0x60f428             36038  0    AuthenticationServicesAgent: (PlugInKit) [com.apple.PlugInKit:discovery] [d <private>] <PKHost:0x7f8bd350eb50> Beginning discovery for flags: 0, point: com.apple.authentication-services-credential-provider-ui
2026-01-20 10:55:25.095536-0600 0x23ec4c   Default     0x60f42e             36038  0    AuthenticationServicesAgent: (PlugInKit) [com.apple.PlugInKit:discovery] [d <private>] <PKHost:0x7f8bd350eb50> Beginning discovery for flags: 0, point: com.apple.authentication-services-credential-provider-ui
2026-01-20 10:55:25.183881-0600 0x23e832   Error       0x60f489             144    0    opendirectoryd: (PlistFile) [com.apple.opendirectoryd:auth] Failed SecureToken authentication for 500EF3F2-A513-4033-8F58-7EDC81033E3A other domain: invalid credentials
2026-01-20 10:55:25.265509-0600 0x23e8d7   Error       0x60f488             144    0    opendirectoryd: (PlistFile) [com.apple.opendirectoryd:auth] Failed SecureToken authentication for 500EF3F2-A513-4033-8F58-7EDC81033E3A other domain: invalid credentials
2026-01-20 10:55:25.354620-0600 0x23ec49   Default     0x60f4b6             36038  0    AuthenticationServicesAgent: (PlugInKit) [com.apple.PlugInKit:discovery] [d <private>] <PKHost:0x7f8bd350eb50> Beginning discovery for flags: 0, point: com.apple.authentication-services-credential-provider-ui
2026-01-20 10:55:25.356070-0600 0x23ec51   Default     0x60f4b8             36038  0    AuthenticationServicesAgent: (PlugInKit) [com.apple.PlugInKit:discovery] [d <private>] <PKHost:0x7f8bd350eb50> Beginning discovery for flags: 0, point: com.apple.authentication-services-credential-provider-ui
2026-01-20 10:55:25.395026-0600 0x23ec49   Default     0x60f4bd             36038  0    AuthenticationServicesAgent: (PlugInKit) [com.apple.PlugInKit:discovery] [d <private>] <PKHost:0x7f8bd350eb50> Beginning discovery for flags: 0, point: com.apple.authentication-services-credential-provider-ui
2026-01-20 10:55:25.400367-0600 0x23ec49   Default     0x60f4bf             36038  0    AuthenticationServicesAgent: (PlugInKit) [com.apple.PlugInKit:discovery] [d <private>] <PKHost:0x7f8bd350eb50> Beginning discovery for flags: 0, point: com.apple.authentication-services-credential-provider-ui
2026-01-20 10:55:37.791962-0600 0x23ed2e   Default     0x0                  36063  0    screensharingd: close the connection from viewer authentication thread
2026-01-20 10:59:38.435500-0600 0x23f8ec   Default     0x0                  36118  0    screensharingd: close the connection from viewer authentication thread
2026-01-20 11:01:20.797860-0600 0x23ec08   Activity    0x60f393             181    0    loginwindow: (CFOpenDirectory) Validate if authentications are allowed for a given record
2026-01-20 11:01:26.721071-0600 0x23fec1   Default     0x61d2df             144    0    opendirectoryd: (PlistFile) [com.apple.opendirectoryd:auth] Successful SecureToken authentication for 500EF3F2-A513-4033-8F58-7EDC81033E3A console domain
2026-01-20 11:01:26.842061-0600 0x240086   Activity    0x61d2ea             36151  0    authorizationhost: (CFOpenDirectory) Validate if authentications are allowed for a given record
2026-01-20 11:01:27.745027-0600 0x240092   Default     0x61d217             627    0    coreauthd: (ModuleBase) [com.apple.LocalAuthentication:AuthenticationManager] canceling running authentication: <AuthenticationInProgress: 0x7feac1f081c0; pid:181, started: 1/20/26, 10:55:08 AM CST, uid: 501, AHP: 0, priority: Default(1)> mechanism: MechanismTouchId[43](run)
2026-01-20 11:01:27.769865-0600 0x240092   Default     0x61d217             627    0    coreauthd: (ModuleBase) [com.apple.LocalAuthentication:AuthenticationManager] canceling running authentication: <AuthenticationInProgress: 0x7feac1f081c0; pid:181, started: 1/20/26, 10:55:08 AM CST, uid: 501, AHP: 0, priority: Default(1)> mechanism: MechanismTouchId[43]
2026-01-20 11:01:27.770311-0600 0x240092   Default     0x61d217             627    0    coreauthd: (ModuleBase) [com.apple.LocalAuthentication:AuthenticationManager] clearing authentication: <AuthenticationInProgress: 0x7feac1f081c0; pid:181, started: 1/20/26, 10:55:08 AM CST, uid: 501, AHP: 0, priority: Default(1)>
2026-01-20 11:01:28.597617-0600 0x23fec1   Error       0x60f4c6             144    0    opendirectoryd: (PlistFile) [com.apple.opendirectoryd:auth] Failed SecureToken authentication for 500EF3F2-A513-4033-8F58-7EDC81033E3A other domain: invalid credentials
2026-01-20 11:01:29.701008-0600 0x23fb45   Error       0x60f4ce             144    0    opendirectoryd: (PlistFile) [com.apple.opendirectoryd:auth] Failed SecureToken authentication for 500EF3F2-A513-4033-8F58-7EDC81033E3A other domain: invalid credentials
2026-01-20 11:01:30.116309-0600 0x23ec57   Default     0x60f4da             36038  0    AuthenticationServicesAgent: (PlugInKit) [com.apple.PlugInKit:discovery] [d <private>] <PKHost:0x7f8bd350eb50> Beginning discovery for flags: 0, point: com.apple.authentication-services-credential-provider-ui
2026-01-20 11:01:30.121548-0600 0x23ec57   Default     0x60f4dc             36038  0    AuthenticationServicesAgent: (PlugInKit) [com.apple.PlugInKit:discovery] [d <private>] <PKHost:0x7f8bd350eb50> Beginning discovery for flags: 0, point: com.apple.authentication-services-credential-provider-ui
2026-01-20 11:01:30.205420-0600 0x23fb45   Error       0x61d4eb             144    0    opendirectoryd: (PlistFile) [com.apple.opendirectoryd:auth] Failed SecureToken authentication for 500EF3F2-A513-4033-8F58-7EDC81033E3A other domain: invalid credentials
2026-01-20 11:01:30.373653-0600 0x2400cc   Default     0x61d522             36038  0    AuthenticationServicesAgent: (PlugInKit) [com.apple.PlugInKit:discovery] [d <private>] <PKHost:0x7f8bd350eb50> Beginning discovery for flags: 0, point: com.apple.authentication-services-credential-provider-ui
2026-01-20 11:01:30.376738-0600 0x2400c1   Default     0x61d524             36038  0    AuthenticationServicesAgent: (PlugInKit) [com.apple.PlugInKit:discovery] [d <private>] <PKHost:0x7f8bd350eb50> Beginning discovery for flags: 0, point: com.apple.authentication-services-credential-provider-ui
2026-01-20 11:03:38.920280-0600 0x24076e   Default     0x0                  36164  0    screensharingd: close the connection from viewer authentication thread
2026-01-20 11:07:38.814083-0600 0x2414c8   Default     0x0                  36186  0    screensharingd: close the connection from viewer authentication thread
2026-01-20 11:10:44.111108-0600 0x242385   Error       0x61d53c             144    0    opendirectoryd: (PlistFile) [com.apple.opendirectoryd:auth] Failed SecureToken authentication for 500EF3F2-A513-4033-8F58-7EDC81033E3A other domain: invalid credentials
2026-01-20 11:11:39.421995-0600 0x2429c9   Default     0x0                  36264  0    screensharingd: close the connection from viewer authentication thread
2026-01-20 11:15:39.615541-0600 0x243884   Default     0x0                  36294  0    screensharingd: close the connection from viewer authentication thread
2026-01-20 11:19:39.643660-0600 0x244744   Default     0x0                  36322  0    screensharingd: close the connection from viewer authentication thread
2026-01-20 11:23:40.069493-0600 0x2454c2   Default     0x0                  36344  0    screensharingd: close the connection from viewer authentication thread
2026-01-20 11:27:40.035434-0600 0x246224   Default     0x0                  36356  0    screensharingd: close the connection from viewer authentication thread
2026-01-20 11:28:29.817393-0600 0x246836   Default     0x0                  36439  30   softwareupdated: (OSUpdate) [com.apple.SoftwareUpdate:SoftwareUpdate] SUOSUAuthenticationManager: Disabling local authentication requirement
2026-01-20 11:31:40.135760-0600 0x2477ab   Default     0x0                  36720  0    screensharingd: close the connection from viewer authentication thread
2026-01-20 11:32:22.791028-0600 0x247a62   Error       0x627220             144    0    opendirectoryd: (PlistFile) [com.apple.opendirectoryd:auth] Failed SecureToken authentication for 500EF3F2-A513-4033-8F58-7EDC81033E3A other domain: invalid credentials
2026-01-20 11:32:27.601264-0600 0x247a62   Default     0x627250             144    0    opendirectoryd: (PlistFile) [com.apple.opendirectoryd:auth] Successful SecureToken authentication for 500EF3F2-A513-4033-8F58-7EDC81033E3A other domain
